		g3log created log at: Fri May 29 00:21:06 2020
		LOG format: [YYYY/MM/DD hh:mm:ss uuu* LEVEL FILE->FUNCTION:LINE] messagen
		(uuu*: microseconds fractions of the seconds value)

2020/05/29 00:21:06 075237	DEBUG [main.cpp->runAhmedlogger:16]	This is debug message from ahmedlogger
2020/05/29 00:21:06 075250	DEBUG [main.cpp->runAhmedlogger:16]	This is debug message from ahmedlogger
2020/05/29 00:21:06 075253	DEBUG [main.cpp->runAhmedlogger:16]	This is debug message from ahmedlogger
2020/05/29 00:21:06 075255	DEBUG [main.cpp->runAhmedlogger:16]	This is debug message from ahmedlogger
2020/05/29 00:21:06 075257	DEBUG [main.cpp->runAhmedlogger:16]	This is debug message from ahmedlogger
2020/05/29 00:21:06 075259	DEBUG [main.cpp->runAhmedlogger:16]	This is debug message from ahmedlogger
2020/05/29 00:21:06 075261	DEBUG [main.cpp->runAhmedlogger:16]	This is debug message from ahmedlogger
2020/05/29 00:21:06 075264	DEBUG [main.cpp->runAhmedlogger:16]	This is debug message from ahmedlogger
2020/05/29 00:21:06 075270	DEBUG [main.cpp->runAhmedlogger:16]	This is debug message from ahmedlogger
2020/05/29 00:21:06 075279	DEBUG [main.cpp->runAhmedlogger:16]	This is debug message from ahmedlogger
2020/05/29 00:21:06 075282	DEBUG [main.cpp->runAhmedlogger:16]	This is debug message from ahmedlogger
2020/05/29 00:21:06 075286	DEBUG [main.cpp->runAhmedlogger:16]	This is debug message from ahmedlogger
2020/05/29 00:21:06 075288	DEBUG [main.cpp->runAhmedlogger:16]	This is debug message from ahmedlogger
2020/05/29 00:21:06 075289	DEBUG [main.cpp->runAhmedlogger:16]	This is debug message from ahmedlogger
2020/05/29 00:21:06 075291	DEBUG [main.cpp->runAhmedlogger:16]	This is debug message from ahmedlogger
2020/05/29 00:21:06 075293	DEBUG [main.cpp->runAhmedlogger:16]	This is debug message from ahmedlogger
2020/05/29 00:21:06 075296	DEBUG [main.cpp->runAhmedlogger:16]	This is debug message from ahmedlogger
2020/05/29 00:21:06 075298	DEBUG [main.cpp->runAhmedlogger:16]	This is debug message from ahmedlogger
2020/05/29 00:21:06 075302	DEBUG [main.cpp->runAhmedlogger:16]	This is debug message from ahmedlogger
2020/05/29 00:21:06 075304	DEBUG [main.cpp->runAhmedlogger:16]	This is debug message from ahmedlogger
2020/05/29 00:21:06 075306	DEBUG [main.cpp->runAhmedlogger:16]	This is debug message from ahmedlogger
2020/05/29 00:21:06 075308	DEBUG [main.cpp->runAhmedlogger:16]	This is debug message from ahmedlogger
2020/05/29 00:21:06 075309	DEBUG [main.cpp->runAhmedlogger:16]	This is debug message from ahmedlogger
2020/05/29 00:21:06 075311	DEBUG [main.cpp->runAhmedlogger:16]	This is debug message from ahmedlogger
2020/05/29 00:21:06 075313	DEBUG [main.cpp->runAhmedlogger:16]	This is debug message from ahmedlogger
2020/05/29 00:21:06 075315	DEBUG [main.cpp->runAhmedlogger:16]	This is debug message from ahmedlogger
2020/05/29 00:21:06 075316	DEBUG [main.cpp->runAhmedlogger:16]	This is debug message from ahmedlogger
2020/05/29 00:21:06 075318	DEBUG [main.cpp->runAhmedlogger:16]	This is debug message from ahmedlogger
2020/05/29 00:21:06 075322	DEBUG [main.cpp->runAhmedlogger:16]	This is debug message from ahmedlogger
2020/05/29 00:21:06 075324	DEBUG [main.cpp->runAhmedlogger:16]	This is debug message from ahmedlogger
2020/05/29 00:21:06 075326	DEBUG [main.cpp->runAhmedlogger:16]	This is debug message from ahmedlogger
2020/05/29 00:21:06 075328	DEBUG [main.cpp->runAhmedlogger:16]	This is debug message from ahmedlogger
2020/05/29 00:21:06 075330	DEBUG [main.cpp->runAhmedlogger:16]	This is debug message from ahmedlogger
2020/05/29 00:21:06 075332	DEBUG [main.cpp->runAhmedlogger:16]	This is debug message from ahmedlogger
2020/05/29 00:21:06 075334	DEBUG [main.cpp->runAhmedlogger:16]	This is debug message from ahmedlogger
2020/05/29 00:21:06 075335	DEBUG [main.cpp->runAhmedlogger:16]	This is debug message from ahmedlogger
2020/05/29 00:21:06 075337	DEBUG [main.cpp->runAhmedlogger:16]	This is debug message from ahmedlogger
2020/05/29 00:21:06 075342	DEBUG [main.cpp->runAhmedlogger:16]	This is debug message from ahmedlogger
2020/05/29 00:21:06 075343	DEBUG [main.cpp->runAhmedlogger:16]	This is debug message from ahmedlogger
2020/05/29 00:21:06 075345	DEBUG [main.cpp->runAhmedlogger:16]	This is debug message from ahmedlogger
2020/05/29 00:21:06 075347	DEBUG [main.cpp->runAhmedlogger:16]	This is debug message from ahmedlogger
2020/05/29 00:21:06 075348	DEBUG [main.cpp->runAhmedlogger:16]	This is debug message from ahmedlogger
2020/05/29 00:21:06 075350	DEBUG [main.cpp->runAhmedlogger:16]	This is debug message from ahmedlogger
2020/05/29 00:21:06 075351	DEBUG [main.cpp->runAhmedlogger:16]	This is debug message from ahmedlogger
2020/05/29 00:21:06 075353	DEBUG [main.cpp->runAhmedlogger:16]	This is debug message from ahmedlogger
2020/05/29 00:21:06 075355	DEBUG [main.cpp->runAhmedlogger:16]	This is debug message from ahmedlogger
2020/05/29 00:21:06 075357	DEBUG [main.cpp->runAhmedlogger:16]	This is debug message from ahmedlogger
2020/05/29 00:21:06 075361	DEBUG [main.cpp->runAhmedlogger:16]	This is debug message from ahmedlogger
2020/05/29 00:21:06 075363	DEBUG [main.cpp->runAhmedlogger:16]	This is debug message from ahmedlogger
2020/05/29 00:21:06 075365	DEBUG [main.cpp->runAhmedlogger:16]	This is debug message from ahmedlogger
g3log g3FileSink shutdown at: 00:21:06 075677
