		g3log created log at: Fri May 29 01:10:16 2020
		LOG format: [YYYY/MM/DD hh:mm:ss uuu* LEVEL FILE->FUNCTION:LINE] messagen
		(uuu*: microseconds fractions of the seconds value)

2020/05/29 01:10:16 711461	DEBUG [main.cpp->runLogiciellogger:32]	This is debug message from ahmedlogger
2020/05/29 01:10:16 711475	DEBUG [main.cpp->runLogiciellogger:32]	This is debug message from ahmedlogger
2020/05/29 01:10:16 711479	DEBUG [main.cpp->runLogiciellogger:32]	This is debug message from ahmedlogger
2020/05/29 01:10:16 711483	DEBUG [main.cpp->runLogiciellogger:32]	This is debug message from ahmedlogger
2020/05/29 01:10:16 711485	DEBUG [main.cpp->runLogiciellogger:32]	This is debug message from ahmedlogger
2020/05/29 01:10:16 711489	DEBUG [main.cpp->runLogiciellogger:32]	This is debug message from ahmedlogger
2020/05/29 01:10:16 711492	DEBUG [main.cpp->runLogiciellogger:32]	This is debug message from ahmedlogger
2020/05/29 01:10:16 711495	DEBUG [main.cpp->runLogiciellogger:32]	This is debug message from ahmedlogger
2020/05/29 01:10:16 711498	DEBUG [main.cpp->runLogiciellogger:32]	This is debug message from ahmedlogger
2020/05/29 01:10:16 711507	DEBUG [main.cpp->runLogiciellogger:32]	This is debug message from ahmedlogger
2020/05/29 01:10:16 711509	DEBUG [main.cpp->runLogiciellogger:32]	This is debug message from ahmedlogger
2020/05/29 01:10:16 711516	DEBUG [main.cpp->runLogiciellogger:32]	This is debug message from ahmedlogger
2020/05/29 01:10:16 711520	DEBUG [main.cpp->runLogiciellogger:32]	This is debug message from ahmedlogger
2020/05/29 01:10:16 711522	DEBUG [main.cpp->runLogiciellogger:32]	This is debug message from ahmedlogger
2020/05/29 01:10:16 711526	DEBUG [main.cpp->runLogiciellogger:32]	This is debug message from ahmedlogger
2020/05/29 01:10:16 711528	DEBUG [main.cpp->runLogiciellogger:32]	This is debug message from ahmedlogger
2020/05/29 01:10:16 711532	DEBUG [main.cpp->runLogiciellogger:32]	This is debug message from ahmedlogger
2020/05/29 01:10:16 711534	DEBUG [main.cpp->runLogiciellogger:32]	This is debug message from ahmedlogger
2020/05/29 01:10:16 711538	DEBUG [main.cpp->runLogiciellogger:32]	This is debug message from ahmedlogger
2020/05/29 01:10:16 711540	DEBUG [main.cpp->runLogiciellogger:32]	This is debug message from ahmedlogger
2020/05/29 01:10:16 711545	DEBUG [main.cpp->runLogiciellogger:32]	This is debug message from ahmedlogger
2020/05/29 01:10:16 711549	DEBUG [main.cpp->runLogiciellogger:32]	This is debug message from ahmedlogger
2020/05/29 01:10:16 711551	DEBUG [main.cpp->runLogiciellogger:32]	This is debug message from ahmedlogger
2020/05/29 01:10:16 711555	DEBUG [main.cpp->runLogiciellogger:32]	This is debug message from ahmedlogger
2020/05/29 01:10:16 711557	DEBUG [main.cpp->runLogiciellogger:32]	This is debug message from ahmedlogger
2020/05/29 01:10:16 711561	DEBUG [main.cpp->runLogiciellogger:32]	This is debug message from ahmedlogger
2020/05/29 01:10:16 711563	DEBUG [main.cpp->runLogiciellogger:32]	This is debug message from ahmedlogger
2020/05/29 01:10:16 711566	DEBUG [main.cpp->runLogiciellogger:32]	This is debug message from ahmedlogger
2020/05/29 01:10:16 711569	DEBUG [main.cpp->runLogiciellogger:32]	This is debug message from ahmedlogger
2020/05/29 01:10:16 711572	DEBUG [main.cpp->runLogiciellogger:32]	This is debug message from ahmedlogger
2020/05/29 01:10:16 711577	DEBUG [main.cpp->runLogiciellogger:32]	This is debug message from ahmedlogger
2020/05/29 01:10:16 711580	DEBUG [main.cpp->runLogiciellogger:32]	This is debug message from ahmedlogger
2020/05/29 01:10:16 711583	DEBUG [main.cpp->runLogiciellogger:32]	This is debug message from ahmedlogger
2020/05/29 01:10:16 711587	DEBUG [main.cpp->runLogiciellogger:32]	This is debug message from ahmedlogger
2020/05/29 01:10:16 711589	DEBUG [main.cpp->runLogiciellogger:32]	This is debug message from ahmedlogger
2020/05/29 01:10:16 711592	DEBUG [main.cpp->runLogiciellogger:32]	This is debug message from ahmedlogger
2020/05/29 01:10:16 711595	DEBUG [main.cpp->runLogiciellogger:32]	This is debug message from ahmedlogger
2020/05/29 01:10:16 711598	DEBUG [main.cpp->runLogiciellogger:32]	This is debug message from ahmedlogger
2020/05/29 01:10:16 711600	DEBUG [main.cpp->runLogiciellogger:32]	This is debug message from ahmedlogger
2020/05/29 01:10:16 711606	DEBUG [main.cpp->runLogiciellogger:32]	This is debug message from ahmedlogger
2020/05/29 01:10:16 711610	DEBUG [main.cpp->runLogiciellogger:32]	This is debug message from ahmedlogger
2020/05/29 01:10:16 711612	DEBUG [main.cpp->runLogiciellogger:32]	This is debug message from ahmedlogger
2020/05/29 01:10:16 711615	DEBUG [main.cpp->runLogiciellogger:32]	This is debug message from ahmedlogger
2020/05/29 01:10:16 711617	DEBUG [main.cpp->runLogiciellogger:32]	This is debug message from ahmedlogger
2020/05/29 01:10:16 711621	DEBUG [main.cpp->runLogiciellogger:32]	This is debug message from ahmedlogger
2020/05/29 01:10:16 711623	DEBUG [main.cpp->runLogiciellogger:32]	This is debug message from ahmedlogger
2020/05/29 01:10:16 711627	DEBUG [main.cpp->runLogiciellogger:32]	This is debug message from ahmedlogger
2020/05/29 01:10:16 711631	DEBUG [main.cpp->runLogiciellogger:32]	This is debug message from ahmedlogger
2020/05/29 01:10:16 711636	DEBUG [main.cpp->runLogiciellogger:32]	This is debug message from ahmedlogger
2020/05/29 01:10:16 711640	DEBUG [main.cpp->runLogiciellogger:32]	This is debug message from ahmedlogger
g3log g3FileSink shutdown at: 01:10:16 712108
